<?xml version="1.0" encoding="UTF-8"?>
<testsuite xmlns:xsi="http://www.w3.org/2001/XMLSchema-instance" xsi:noNamespaceSchemaLocation="https://maven.apache.org/surefire/maven-surefire-plugin/xsd/surefire-test-report-3.0.xsd" version="3.0" name="TestSuite" time="1.368" tests="14" errors="0" skipped="0" failures="0">
  <properties>
    <property name="java.specification.version" value="17"/>
    <property name="sun.cpu.isalist" value="amd64"/>
    <property name="sun.jnu.encoding" value="Cp1252"/>
    <property name="java.class.path" value="D:\automationpipeline\target\test-classes;D:\automationpipeline\target\classes;C:\Users\Admin\.m2\repository\junit\junit\4.11\junit-4.11.jar;C:\Users\Admin\.m2\repository\org\hamcrest\hamcrest-core\1.3\hamcrest-core-1.3.jar;C:\Users\Admin\.m2\repository\org\testng\testng\7.9.0\testng-7.9.0.jar;C:\Users\Admin\.m2\repository\org\slf4j\slf4j-api\1.7.36\slf4j-api-1.7.36.jar;C:\Users\Admin\.m2\repository\com\beust\jcommander\1.82\jcommander-1.82.jar;C:\Users\Admin\.m2\repository\org\webjars\jquery\3.7.1\jquery-3.7.1.jar;"/>
    <property name="java.vm.vendor" value="Oracle Corporation"/>
    <property name="sun.arch.data.model" value="64"/>
    <property name="user.variant" value=""/>
    <property name="java.vendor.url" value="https://java.oracle.com/"/>
    <property name="user.timezone" value="Asia/Calcutta"/>
    <property name="os.name" value="Windows 10"/>
    <property name="java.vm.specification.version" value="17"/>
    <property name="sun.java.launcher" value="SUN_STANDARD"/>
    <property name="user.country" value="IN"/>
    <property name="sun.boot.library.path" value="C:\Program Files\Java\jdk-17\bin"/>
    <property name="sun.java.command" value="C:\Users\Admin\AppData\Local\Temp\surefire11054322810764386543\surefirebooter-20240428082354255_3.jar C:\Users\Admin\AppData\Local\Temp\surefire11054322810764386543 2024-04-28T08-23-53_901-jvmRun1 surefire-20240428082354255_1tmp surefire_0-20240428082354255_2tmp"/>
    <property name="jdk.debug" value="release"/>
    <property name="surefire.test.class.path" value="D:\automationpipeline\target\test-classes;D:\automationpipeline\target\classes;C:\Users\Admin\.m2\repository\junit\junit\4.11\junit-4.11.jar;C:\Users\Admin\.m2\repository\org\hamcrest\hamcrest-core\1.3\hamcrest-core-1.3.jar;C:\Users\Admin\.m2\repository\org\testng\testng\7.9.0\testng-7.9.0.jar;C:\Users\Admin\.m2\repository\org\slf4j\slf4j-api\1.7.36\slf4j-api-1.7.36.jar;C:\Users\Admin\.m2\repository\com\beust\jcommander\1.82\jcommander-1.82.jar;C:\Users\Admin\.m2\repository\org\webjars\jquery\3.7.1\jquery-3.7.1.jar;"/>
    <property name="sun.cpu.endian" value="little"/>
    <property name="user.home" value="C:\Users\Admin"/>
    <property name="user.language" value="en"/>
    <property name="java.specification.vendor" value="Oracle Corporation"/>
    <property name="java.version.date" value="2024-01-16"/>
    <property name="java.home" value="C:\Program Files\Java\jdk-17"/>
    <property name="file.separator" value="\"/>
    <property name="basedir" value="D:\automationpipeline"/>
    <property name="java.vm.compressedOopsMode" value="32-bit"/>
    <property name="line.separator" value="&#10;"/>
    <property name="java.vm.specification.vendor" value="Oracle Corporation"/>
    <property name="java.specification.name" value="Java Platform API Specification"/>
    <property name="surefire.real.class.path" value="C:\Users\Admin\AppData\Local\Temp\surefire11054322810764386543\surefirebooter-20240428082354255_3.jar"/>
    <property name="user.script" value=""/>
    <property name="sun.management.compiler" value="HotSpot 64-Bit Tiered Compilers"/>
    <property name="java.runtime.version" value="17.0.10+11-LTS-240"/>
    <property name="user.name" value="Admin"/>
    <property name="path.separator" value=";"/>
    <property name="os.version" value="10.0"/>
    <property name="java.runtime.name" value="Java(TM) SE Runtime Environment"/>
    <property name="file.encoding" value="Cp1252"/>
    <property name="java.vm.name" value="Java HotSpot(TM) 64-Bit Server VM"/>
    <property name="localRepository" value="C:\Users\Admin\.m2\repository"/>
    <property name="java.vendor.url.bug" value="https://bugreport.java.com/bugreport/"/>
    <property name="java.io.tmpdir" value="C:\Users\Admin\AppData\Local\Temp\"/>
    <property name="idea.version" value="2023.3.5"/>
    <property name="java.version" value="17.0.10"/>
    <property name="user.dir" value="D:\automationpipeline"/>
    <property name="os.arch" value="amd64"/>
    <property name="java.vm.specification.name" value="Java Virtual Machine Specification"/>
    <property name="sun.os.patch.level" value=""/>
    <property name="native.encoding" value="Cp1252"/>
    <property name="java.library.path" value="C:\Program Files\Java\jdk-17\bin;C:\Windows\Sun\Java\bin;C:\Windows\system32;C:\Windows;C:\oraclexe\app\oracle\product\11.2.0\server\bin;C:\Program Files\Common Files\Oracle\Java\javapath;C:\Windows\system32;C:\Windows;C:\Windows\System32\Wbem;C:\Windows\System32\WindowsPowerShell\v1.0\;C:\Windows\System32\OpenSSH\;C:\Program Files (x86)\ATI Technologies\ATI.ACE\Core-Static;C:\Program Files\Java\jdk-17\bin;E:\EDU\sgt\softwares\apache-maven-3.9.6\bin;D:\server\apache-tomcat\bin;C:\Program Files\Git\cmd;C:\Program Files\MySQL\MySQL Shell 8.0\bin\;C:\Users\Admin\AppData\Local\Microsoft\WindowsApps;;."/>
    <property name="java.vm.info" value="mixed mode, sharing"/>
    <property name="java.vendor" value="Oracle Corporation"/>
    <property name="java.vm.version" value="17.0.10+11-LTS-240"/>
    <property name="sun.io.unicode.encoding" value="UnicodeLittle"/>
    <property name="java.class.version" value="61.0"/>
  </properties>
  <testcase name="method1" classname="com.sgtesting.tests.unittests.UnitTestcases" time="0.013">
    <system-out><![CDATA[It is method1 unit testcase statement !!!!
]]></system-out>
    <system-err><![CDATA[SLF4J: Failed to load class "org.slf4j.impl.StaticLoggerBinder".
SLF4J: Defaulting to no-operation (NOP) logger implementation
SLF4J: See http://www.slf4j.org/codes.html#StaticLoggerBinder for further details.
]]></system-err>
  </testcase>
  <testcase name="method2" classname="com.sgtesting.tests.unittests.UnitTestcases" time="0.006">
    <system-out><![CDATA[It is method2 unit testcase statement !!!!
]]></system-out>
  </testcase>
  <testcase name="method3" classname="com.sgtesting.tests.unittests.UnitTestcases" time="0.011">
    <system-out><![CDATA[It is method3 unit testcase statement !!!!
]]></system-out>
  </testcase>
  <testcase name="method4" classname="com.sgtesting.tests.unittests.UnitTestcases" time="0.008">
    <system-out><![CDATA[It is method4 unit testcase statement !!!!
]]></system-out>
  </testcase>
  <testcase name="method5" classname="com.sgtesting.tests.unittests.UnitTestcases" time="0.001">
    <system-out><![CDATA[It is method5 unit testcase statement !!!!
]]></system-out>
  </testcase>
  <testcase name="method6" classname="com.sgtesting.tests.unittests.UnitTestcases" time="0.002">
    <system-out><![CDATA[It is method6 unit testcase statement !!!!
]]></system-out>
  </testcase>
  <testcase name="method7" classname="com.sgtesting.tests.unittests.UnitTestcases" time="0.002">
    <system-out><![CDATA[It is method7 unit testcase statement !!!!
]]></system-out>
  </testcase>
  <testcase name="method8" classname="com.sgtesting.tests.unittests.UnitTestcases" time="0.002">
    <system-out><![CDATA[It is method8 unit testcase statement !!!!
]]></system-out>
  </testcase>
  <testcase name="method9" classname="com.sgtesting.tests.unittests.UnitTestcases" time="0.008">
    <system-out><![CDATA[It is method9 unit testcase statement !!!!
]]></system-out>
  </testcase>
  <testcase name="method10" classname="com.sgtesting.tests.unittests.UnitTestcases" time="0.004">
    <system-out><![CDATA[It is method10 unit testcase statement !!!!
]]></system-out>
  </testcase>
  <testcase name="method11" classname="com.sgtesting.tests.unittests.UnitTestcases" time="0.001">
    <system-out><![CDATA[It is method11 unit testcase statement !!!!
]]></system-out>
  </testcase>
  <testcase name="method12" classname="com.sgtesting.tests.unittests.UnitTestcases" time="0.001">
    <system-out><![CDATA[It is method12 unit testcase statement !!!!
]]></system-out>
  </testcase>
  <testcase name="method13" classname="com.sgtesting.tests.unittests.UnitTestcases" time="0.001">
    <system-out><![CDATA[It is method13 unit testcase statement !!!!
]]></system-out>
  </testcase>
  <testcase name="method14" classname="com.sgtesting.tests.unittests.UnitTestcases" time="0.002">
    <system-out><![CDATA[It is method14 unit testcase statement !!!!
]]></system-out>
  </testcase>
</testsuite>